<?xml version="1.0" encoding="UTF-8"?>
<!-- Generated by org.testng.reporters.JUnitXMLReporter -->
<testsuite hostname="TRICONNODE211" name="Test" tests="4" failures="0" timestamp="25 Jan 2017 10:47:12 GMT" time="0.016" errors="0">
  <testcase name="method1" time="0.005" classname="pack1.TestA"/>
  <testcase name="method2" time="0.001" classname="pack1.TestA"/>
  <testcase name="method1" time="0.0" classname="pack2.TestB"/>
  <testcase name="method2" time="0.0" classname="pack2.TestB"/>
</testsuite> <!-- Test -->
