<?xml version="1.0" encoding="UTF-8"?>
<testng-results skipped="0" failed="0" total="2" passed="2">
  <reporter-output>
  </reporter-output>
  <suite name="Default suite" duration-ms="20" started-at="2017-01-25T10:55:37Z" finished-at="2017-01-25T10:55:37Z">
    <groups>
    </groups>
    <test name="Default test" duration-ms="20" started-at="2017-01-25T10:55:37Z" finished-at="2017-01-25T10:55:37Z">
      <class name="pack1.ListenerDemo">
        <test-method status="PASS" signature="methodA()[pri:0, instance:pack1.ListenerDemo@5a39699c]" name="methodA" duration-ms="8" started-at="2017-01-25T16:25:37Z" finished-at="2017-01-25T16:25:37Z">
          <reporter-output>
          </reporter-output>
        </test-method> <!-- methodA -->
        <test-method status="PASS" signature="methodB()[pri:0, instance:pack1.ListenerDemo@5a39699c]" name="methodB" duration-ms="1" started-at="2017-01-25T16:25:37Z" finished-at="2017-01-25T16:25:37Z">
          <reporter-output>
          </reporter-output>
        </test-method> <!-- methodB -->
      </class> <!-- pack1.ListenerDemo -->
    </test> <!-- Default test -->
  </suite> <!-- Default suite -->
</testng-results>
